{"C:\\Projects\\aex-sdk\\src\\client\\fetch.ts": {"path":"C:\\Projects\\aex-sdk\\src\\client\\fetch.ts","statementMap":{"0":{"start":{"line":1,"column":25},"end":{"line":7,"column":3}},"1":{"start":{"line":2,"column":21},"end":{"line":2,"column":37}},"2":{"start":{"line":3,"column":4},"end":{"line":5,"column":5}},"3":{"start":{"line":4,"column":6},"end":{"line":4,"column":64}},"4":{"start":{"line":6,"column":4},"end":{"line":6,"column":27}},"5":{"start":{"line":1,"column":13},"end":{"line":1,"column":25}}},"fnMap":{"0":{"name":"(anonymous_0)","decl":{"start":{"line":1,"column":25},"end":{"line":1,"column":30}},"loc":{"start":{"line":1,"column":47},"end":{"line":7,"column":3}}}},"branchMap":{"0":{"loc":{"start":{"line":3,"column":4},"end":{"line":5,"column":5}},"type":"if","locations":[{"start":{"line":3,"column":4},"end":{"line":5,"column":5}}]}},"s":{"0":1,"1":2,"2":2,"3":1,"4":1,"5":1},"f":{"0":2},"b":{"0":[1]}}
,"C:\\Projects\\aex-sdk\\src\\server\\libraries\\binance.ts": {"path":"C:\\Projects\\aex-sdk\\src\\server\\libraries\\binance.ts","statementMap":{"0":{"start":{"line":59,"column":0},"end":{"line":59,"column":7}},"1":{"start":{"line":77,"column":0},"end":{"line":77,"column":7}},"2":{"start":{"line":97,"column":0},"end":{"line":97,"column":7}},"3":{"start":{"line":119,"column":0},"end":{"line":119,"column":7}},"4":{"start":{"line":142,"column":0},"end":{"line":142,"column":7}},"5":{"start":{"line":160,"column":0},"end":{"line":160,"column":7}},"6":{"start":{"line":179,"column":0},"end":{"line":179,"column":7}},"7":{"start":{"line":200,"column":0},"end":{"line":200,"column":7}},"8":{"start":{"line":219,"column":0},"end":{"line":219,"column":7}},"9":{"start":{"line":245,"column":0},"end":{"line":245,"column":7}},"10":{"start":{"line":287,"column":0},"end":{"line":287,"column":7}},"11":{"start":{"line":329,"column":0},"end":{"line":329,"column":7}},"12":{"start":{"line":361,"column":0},"end":{"line":361,"column":7}},"13":{"start":{"line":1,"column":0},"end":{"line":1,"column":28}},"14":{"start":{"line":2,"column":0},"end":{"line":2,"column":null}},"15":{"start":{"line":21,"column":0},"end":{"line":21,"column":16}},"16":{"start":{"line":32,"column":24},"end":{"line":34,"column":33}},"17":{"start":{"line":35,"column":27},"end":{"line":37,"column":36}},"18":{"start":{"line":39,"column":2},"end":{"line":39,"column":56}},"19":{"start":{"line":40,"column":2},"end":{"line":42,"column":3}},"20":{"start":{"line":41,"column":4},"end":{"line":41,"column":76}},"21":{"start":{"line":43,"column":17},"end":{"line":49,"column":4}},"22":{"start":{"line":50,"column":2},"end":{"line":50,"column":16}},"23":{"start":{"line":60,"column":2},"end":{"line":67,"column":3}},"24":{"start":{"line":61,"column":26},"end":{"line":61,"column":62}},"25":{"start":{"line":62,"column":19},"end":{"line":62,"column":56}},"26":{"start":{"line":63,"column":4},"end":{"line":63,"column":18}},"27":{"start":{"line":65,"column":4},"end":{"line":65,"column":57}},"28":{"start":{"line":66,"column":4},"end":{"line":66,"column":16}},"29":{"start":{"line":78,"column":2},"end":{"line":85,"column":3}},"30":{"start":{"line":79,"column":26},"end":{"line":79,"column":62}},"31":{"start":{"line":80,"column":19},"end":{"line":80,"column":71}},"32":{"start":{"line":81,"column":4},"end":{"line":81,"column":18}},"33":{"start":{"line":83,"column":4},"end":{"line":83,"column":59}},"34":{"start":{"line":84,"column":4},"end":{"line":84,"column":16}},"35":{"start":{"line":101,"column":2},"end":{"line":108,"column":3}},"36":{"start":{"line":102,"column":26},"end":{"line":102,"column":62}},"37":{"start":{"line":103,"column":19},"end":{"line":103,"column":76}},"38":{"start":{"line":104,"column":4},"end":{"line":104,"column":18}},"39":{"start":{"line":106,"column":4},"end":{"line":106,"column":59}},"40":{"start":{"line":107,"column":4},"end":{"line":107,"column":16}},"41":{"start":{"line":123,"column":2},"end":{"line":133,"column":3}},"42":{"start":{"line":124,"column":26},"end":{"line":124,"column":62}},"43":{"start":{"line":125,"column":19},"end":{"line":128,"column":6}},"44":{"start":{"line":129,"column":4},"end":{"line":129,"column":18}},"45":{"start":{"line":131,"column":4},"end":{"line":131,"column":65}},"46":{"start":{"line":132,"column":4},"end":{"line":132,"column":16}},"47":{"start":{"line":143,"column":2},"end":{"line":150,"column":3}},"48":{"start":{"line":144,"column":26},"end":{"line":144,"column":62}},"49":{"start":{"line":145,"column":19},"end":{"line":145,"column":55}},"50":{"start":{"line":146,"column":4},"end":{"line":146,"column":18}},"51":{"start":{"line":148,"column":4},"end":{"line":148,"column":60}},"52":{"start":{"line":149,"column":4},"end":{"line":149,"column":16}},"53":{"start":{"line":161,"column":2},"end":{"line":168,"column":3}},"54":{"start":{"line":162,"column":26},"end":{"line":162,"column":62}},"55":{"start":{"line":163,"column":19},"end":{"line":163,"column":66}},"56":{"start":{"line":164,"column":4},"end":{"line":164,"column":18}},"57":{"start":{"line":166,"column":4},"end":{"line":166,"column":68}},"58":{"start":{"line":167,"column":4},"end":{"line":167,"column":16}},"59":{"start":{"line":183,"column":2},"end":{"line":190,"column":3}},"60":{"start":{"line":184,"column":26},"end":{"line":184,"column":62}},"61":{"start":{"line":185,"column":19},"end":{"line":185,"column":74}},"62":{"start":{"line":186,"column":4},"end":{"line":186,"column":18}},"63":{"start":{"line":188,"column":4},"end":{"line":188,"column":69}},"64":{"start":{"line":189,"column":4},"end":{"line":189,"column":16}},"65":{"start":{"line":201,"column":2},"end":{"line":208,"column":3}},"66":{"start":{"line":202,"column":26},"end":{"line":202,"column":62}},"67":{"start":{"line":203,"column":19},"end":{"line":203,"column":64}},"68":{"start":{"line":204,"column":4},"end":{"line":204,"column":18}},"69":{"start":{"line":206,"column":4},"end":{"line":206,"column":64}},"70":{"start":{"line":207,"column":4},"end":{"line":207,"column":16}},"71":{"start":{"line":223,"column":2},"end":{"line":230,"column":3}},"72":{"start":{"line":224,"column":26},"end":{"line":224,"column":62}},"73":{"start":{"line":225,"column":19},"end":{"line":225,"column":77}},"74":{"start":{"line":226,"column":4},"end":{"line":226,"column":18}},"75":{"start":{"line":228,"column":4},"end":{"line":228,"column":66}},"76":{"start":{"line":229,"column":4},"end":{"line":229,"column":16}},"77":{"start":{"line":258,"column":2},"end":{"line":271,"column":3}},"78":{"start":{"line":259,"column":26},"end":{"line":259,"column":62}},"79":{"start":{"line":260,"column":19},"end":{"line":266,"column":6}},"80":{"start":{"line":267,"column":4},"end":{"line":267,"column":18}},"81":{"start":{"line":269,"column":4},"end":{"line":269,"column":58}},"82":{"start":{"line":270,"column":4},"end":{"line":270,"column":16}},"83":{"start":{"line":302,"column":2},"end":{"line":316,"column":3}},"84":{"start":{"line":303,"column":26},"end":{"line":303,"column":62}},"85":{"start":{"line":304,"column":19},"end":{"line":311,"column":6}},"86":{"start":{"line":312,"column":4},"end":{"line":312,"column":18}},"87":{"start":{"line":314,"column":4},"end":{"line":314,"column":58}},"88":{"start":{"line":315,"column":4},"end":{"line":315,"column":16}},"89":{"start":{"line":338,"column":2},"end":{"line":349,"column":3}},"90":{"start":{"line":339,"column":26},"end":{"line":339,"column":62}},"91":{"start":{"line":340,"column":19},"end":{"line":344,"column":6}},"92":{"start":{"line":345,"column":4},"end":{"line":345,"column":18}},"93":{"start":{"line":347,"column":4},"end":{"line":347,"column":58}},"94":{"start":{"line":348,"column":4},"end":{"line":348,"column":16}},"95":{"start":{"line":368,"column":2},"end":{"line":378,"column":3}},"96":{"start":{"line":369,"column":26},"end":{"line":369,"column":62}},"97":{"start":{"line":370,"column":19},"end":{"line":373,"column":6}},"98":{"start":{"line":374,"column":4},"end":{"line":374,"column":18}},"99":{"start":{"line":376,"column":4},"end":{"line":376,"column":65}},"100":{"start":{"line":377,"column":4},"end":{"line":377,"column":16}}},"fnMap":{"0":{"name":"fetchClient","decl":{"start":{"line":31,"column":15},"end":{"line":31,"column":26}},"loc":{"start":{"line":31,"column":69},"end":{"line":51,"column":1}}},"1":{"name":"getSymbolList","decl":{"start":{"line":59,"column":22},"end":{"line":59,"column":35}},"loc":{"start":{"line":59,"column":35},"end":{"line":68,"column":1}}},"2":{"name":"getBinanceTicker","decl":{"start":{"line":77,"column":22},"end":{"line":77,"column":38}},"loc":{"start":{"line":77,"column":53},"end":{"line":86,"column":1}}},"3":{"name":"getBinanceTradingDayTicker","decl":{"start":{"line":97,"column":22},"end":{"line":97,"column":48}},"loc":{"start":{"line":99,"column":24},"end":{"line":109,"column":1}}},"4":{"name":"getBinanceMarketDepth","decl":{"start":{"line":119,"column":22},"end":{"line":119,"column":43}},"loc":{"start":{"line":121,"column":20},"end":{"line":134,"column":1}}},"5":{"name":"getBinanceAccount","decl":{"start":{"line":142,"column":22},"end":{"line":142,"column":39}},"loc":{"start":{"line":142,"column":39},"end":{"line":151,"column":1}}},"6":{"name":"getBinanceDepositAddress","decl":{"start":{"line":160,"column":22},"end":{"line":160,"column":46}},"loc":{"start":{"line":160,"column":59},"end":{"line":169,"column":1}}},"7":{"name":"getBinanceWithdrawHistory","decl":{"start":{"line":179,"column":22},"end":{"line":179,"column":47}},"loc":{"start":{"line":181,"column":20},"end":{"line":191,"column":1}}},"8":{"name":"getBinanceOpenOrders","decl":{"start":{"line":200,"column":22},"end":{"line":200,"column":42}},"loc":{"start":{"line":200,"column":58},"end":{"line":209,"column":1}}},"9":{"name":"getBinanceTradeHistory","decl":{"start":{"line":219,"column":22},"end":{"line":219,"column":44}},"loc":{"start":{"line":221,"column":20},"end":{"line":231,"column":1}}},"10":{"name":"createBinanceOrder","decl":{"start":{"line":245,"column":22},"end":{"line":245,"column":40}},"loc":{"start":{"line":257,"column":1},"end":{"line":272,"column":1}}},"11":{"name":"createBinanceAmendOrder","decl":{"start":{"line":287,"column":22},"end":{"line":287,"column":45}},"loc":{"start":{"line":301,"column":1},"end":{"line":317,"column":1}}},"12":{"name":"createBinanceCancelOrder","decl":{"start":{"line":329,"column":22},"end":{"line":329,"column":46}},"loc":{"start":{"line":337,"column":1},"end":{"line":350,"column":1}}},"13":{"name":"getBinanceOrderStatus","decl":{"start":{"line":361,"column":22},"end":{"line":361,"column":43}},"loc":{"start":{"line":367,"column":1},"end":{"line":379,"column":1}}}},"branchMap":{"0":{"loc":{"start":{"line":31,"column":29},"end":{"line":31,"column":44}},"type":"default-arg","locations":[{"start":{"line":31,"column":39},"end":{"line":31,"column":44}}]},"1":{"loc":{"start":{"line":32,"column":24},"end":{"line":34,"column":33}},"type":"cond-expr","locations":[{"start":{"line":33,"column":6},"end":{"line":33,"column":41}},{"start":{"line":34,"column":6},"end":{"line":34,"column":33}}]},"2":{"loc":{"start":{"line":35,"column":27},"end":{"line":37,"column":36}},"type":"cond-expr","locations":[{"start":{"line":36,"column":6},"end":{"line":36,"column":44}},{"start":{"line":37,"column":6},"end":{"line":37,"column":36}}]},"3":{"loc":{"start":{"line":40,"column":2},"end":{"line":42,"column":3}},"type":"if","locations":[{"start":{"line":40,"column":2},"end":{"line":42,"column":3}}]},"4":{"loc":{"start":{"line":40,"column":6},"end":{"line":40,"column":41}},"type":"binary-expr","locations":[{"start":{"line":40,"column":6},"end":{"line":40,"column":20}},{"start":{"line":40,"column":24},"end":{"line":40,"column":41}}]},"5":{"loc":{"start":{"line":47,"column":13},"end":{"line":47,"column":67}},"type":"cond-expr","locations":[{"start":{"line":47,"column":23},"end":{"line":47,"column":55}},{"start":{"line":47,"column":58},"end":{"line":47,"column":67}}]},"6":{"loc":{"start":{"line":121,"column":2},"end":{"line":121,"column":20}},"type":"default-arg","locations":[{"start":{"line":121,"column":18},"end":{"line":121,"column":20}}]},"7":{"loc":{"start":{"line":181,"column":2},"end":{"line":181,"column":20}},"type":"default-arg","locations":[{"start":{"line":181,"column":18},"end":{"line":181,"column":20}}]},"8":{"loc":{"start":{"line":221,"column":2},"end":{"line":221,"column":20}},"type":"default-arg","locations":[{"start":{"line":221,"column":18},"end":{"line":221,"column":20}}]}},"s":{"0":1,"1":1,"2":1,"3":1,"4":1,"5":1,"6":1,"7":1,"8":1,"9":1,"10":1,"11":1,"12":1,"13":1,"14":1,"15":1,"16":9,"17":9,"18":9,"19":9,"20":0,"21":9,"22":9,"23":1,"24":1,"25":1,"26":1,"27":0,"28":0,"29":1,"30":1,"31":1,"32":1,"33":0,"34":0,"35":1,"36":1,"37":1,"38":1,"39":0,"40":0,"41":1,"42":1,"43":1,"44":1,"45":0,"46":0,"47":1,"48":1,"49":1,"50":0,"51":1,"52":1,"53":1,"54":1,"55":1,"56":0,"57":1,"58":1,"59":1,"60":1,"61":1,"62":0,"63":1,"64":1,"65":1,"66":1,"67":1,"68":0,"69":1,"70":1,"71":0,"72":0,"73":0,"74":0,"75":0,"76":0,"77":1,"78":1,"79":1,"80":0,"81":1,"82":1,"83":0,"84":0,"85":0,"86":0,"87":0,"88":0,"89":0,"90":0,"91":0,"92":0,"93":0,"94":0,"95":0,"96":0,"97":0,"98":0,"99":0,"100":0},"f":{"0":9,"1":1,"2":1,"3":1,"4":1,"5":1,"6":1,"7":1,"8":1,"9":0,"10":1,"11":0,"12":0,"13":0},"b":{"0":[0],"1":[9,0],"2":[9,0],"3":[0],"4":[9,9],"5":[9,0],"6":[0],"7":[0],"8":[0]}}
,"C:\\Projects\\aex-sdk\\src\\server\\libraries\\bitget.ts": {"path":"C:\\Projects\\aex-sdk\\src\\server\\libraries\\bitget.ts","statementMap":{"0":{"start":{"line":51,"column":0},"end":{"line":51,"column":7}},"1":{"start":{"line":70,"column":0},"end":{"line":70,"column":7}},"2":{"start":{"line":90,"column":0},"end":{"line":90,"column":7}},"3":{"start":{"line":109,"column":0},"end":{"line":109,"column":7}},"4":{"start":{"line":128,"column":0},"end":{"line":128,"column":7}},"5":{"start":{"line":156,"column":0},"end":{"line":156,"column":7}},"6":{"start":{"line":183,"column":0},"end":{"line":183,"column":7}},"7":{"start":{"line":206,"column":0},"end":{"line":206,"column":7}},"8":{"start":{"line":229,"column":0},"end":{"line":229,"column":7}},"9":{"start":{"line":264,"column":0},"end":{"line":264,"column":7}},"10":{"start":{"line":292,"column":0},"end":{"line":292,"column":7}},"11":{"start":{"line":1,"column":0},"end":{"line":1,"column":28}},"12":{"start":{"line":2,"column":0},"end":{"line":2,"column":null}},"13":{"start":{"line":18,"column":0},"end":{"line":18,"column":16}},"14":{"start":{"line":27,"column":23},"end":{"line":27,"column":49}},"15":{"start":{"line":28,"column":26},"end":{"line":28,"column":55}},"16":{"start":{"line":29,"column":24},"end":{"line":29,"column":51}},"17":{"start":{"line":31,"column":2},"end":{"line":31,"column":54}},"18":{"start":{"line":32,"column":2},"end":{"line":34,"column":3}},"19":{"start":{"line":33,"column":4},"end":{"line":33,"column":75}},"20":{"start":{"line":35,"column":17},"end":{"line":40,"column":4}},"21":{"start":{"line":41,"column":2},"end":{"line":41,"column":16}},"22":{"start":{"line":52,"column":2},"end":{"line":59,"column":3}},"23":{"start":{"line":53,"column":25},"end":{"line":53,"column":44}},"24":{"start":{"line":54,"column":19},"end":{"line":54,"column":63}},"25":{"start":{"line":55,"column":4},"end":{"line":55,"column":18}},"26":{"start":{"line":57,"column":4},"end":{"line":57,"column":58}},"27":{"start":{"line":58,"column":4},"end":{"line":58,"column":16}},"28":{"start":{"line":71,"column":2},"end":{"line":81,"column":3}},"29":{"start":{"line":72,"column":25},"end":{"line":72,"column":44}},"30":{"start":{"line":73,"column":19},"end":{"line":76,"column":6}},"31":{"start":{"line":77,"column":4},"end":{"line":77,"column":18}},"32":{"start":{"line":79,"column":4},"end":{"line":79,"column":64}},"33":{"start":{"line":80,"column":4},"end":{"line":80,"column":16}},"34":{"start":{"line":91,"column":2},"end":{"line":98,"column":3}},"35":{"start":{"line":92,"column":25},"end":{"line":92,"column":44}},"36":{"start":{"line":93,"column":19},"end":{"line":93,"column":54}},"37":{"start":{"line":94,"column":4},"end":{"line":94,"column":18}},"38":{"start":{"line":96,"column":4},"end":{"line":96,"column":59}},"39":{"start":{"line":97,"column":4},"end":{"line":97,"column":16}},"40":{"start":{"line":110,"column":2},"end":{"line":117,"column":3}},"41":{"start":{"line":111,"column":25},"end":{"line":111,"column":44}},"42":{"start":{"line":112,"column":19},"end":{"line":112,"column":75}},"43":{"start":{"line":113,"column":4},"end":{"line":113,"column":18}},"44":{"start":{"line":115,"column":4},"end":{"line":115,"column":67}},"45":{"start":{"line":116,"column":4},"end":{"line":116,"column":16}},"46":{"start":{"line":132,"column":2},"end":{"line":144,"column":3}},"47":{"start":{"line":133,"column":25},"end":{"line":133,"column":44}},"48":{"start":{"line":134,"column":19},"end":{"line":139,"column":6}},"49":{"start":{"line":140,"column":4},"end":{"line":140,"column":18}},"50":{"start":{"line":142,"column":4},"end":{"line":142,"column":68}},"51":{"start":{"line":143,"column":4},"end":{"line":143,"column":16}},"52":{"start":{"line":161,"column":2},"end":{"line":172,"column":3}},"53":{"start":{"line":162,"column":25},"end":{"line":162,"column":44}},"54":{"start":{"line":163,"column":19},"end":{"line":167,"column":6}},"55":{"start":{"line":168,"column":4},"end":{"line":168,"column":18}},"56":{"start":{"line":170,"column":4},"end":{"line":170,"column":63}},"57":{"start":{"line":171,"column":4},"end":{"line":171,"column":16}},"58":{"start":{"line":187,"column":2},"end":{"line":197,"column":3}},"59":{"start":{"line":188,"column":25},"end":{"line":188,"column":44}},"60":{"start":{"line":189,"column":19},"end":{"line":192,"column":6}},"61":{"start":{"line":193,"column":4},"end":{"line":193,"column":18}},"62":{"start":{"line":195,"column":4},"end":{"line":195,"column":65}},"63":{"start":{"line":196,"column":4},"end":{"line":196,"column":16}},"64":{"start":{"line":207,"column":2},"end":{"line":214,"column":3}},"65":{"start":{"line":208,"column":25},"end":{"line":208,"column":44}},"66":{"start":{"line":209,"column":19},"end":{"line":209,"column":51}},"67":{"start":{"line":210,"column":4},"end":{"line":210,"column":18}},"68":{"start":{"line":212,"column":4},"end":{"line":212,"column":60}},"69":{"start":{"line":213,"column":4},"end":{"line":213,"column":16}},"70":{"start":{"line":237,"column":2},"end":{"line":251,"column":3}},"71":{"start":{"line":238,"column":25},"end":{"line":238,"column":44}},"72":{"start":{"line":239,"column":19},"end":{"line":246,"column":6}},"73":{"start":{"line":247,"column":4},"end":{"line":247,"column":18}},"74":{"start":{"line":249,"column":4},"end":{"line":249,"column":57}},"75":{"start":{"line":250,"column":4},"end":{"line":250,"column":16}},"76":{"start":{"line":269,"column":2},"end":{"line":280,"column":3}},"77":{"start":{"line":270,"column":25},"end":{"line":270,"column":44}},"78":{"start":{"line":271,"column":19},"end":{"line":275,"column":6}},"79":{"start":{"line":276,"column":4},"end":{"line":276,"column":18}},"80":{"start":{"line":278,"column":4},"end":{"line":278,"column":59}},"81":{"start":{"line":279,"column":4},"end":{"line":279,"column":16}},"82":{"start":{"line":299,"column":2},"end":{"line":309,"column":3}},"83":{"start":{"line":300,"column":25},"end":{"line":300,"column":44}},"84":{"start":{"line":301,"column":19},"end":{"line":304,"column":6}},"85":{"start":{"line":305,"column":4},"end":{"line":305,"column":18}},"86":{"start":{"line":307,"column":4},"end":{"line":307,"column":64}},"87":{"start":{"line":308,"column":4},"end":{"line":308,"column":16}}},"fnMap":{"0":{"name":"fetchClient","decl":{"start":{"line":26,"column":15},"end":{"line":26,"column":26}},"loc":{"start":{"line":26,"column":26},"end":{"line":42,"column":1}}},"1":{"name":"getBitgetTicker","decl":{"start":{"line":51,"column":22},"end":{"line":51,"column":37}},"loc":{"start":{"line":51,"column":53},"end":{"line":60,"column":1}}},"2":{"name":"getBitgetMarketDepth","decl":{"start":{"line":70,"column":22},"end":{"line":70,"column":42}},"loc":{"start":{"line":70,"column":77},"end":{"line":82,"column":1}}},"3":{"name":"getBitgetAccount","decl":{"start":{"line":90,"column":22},"end":{"line":90,"column":38}},"loc":{"start":{"line":90,"column":38},"end":{"line":99,"column":1}}},"4":{"name":"getBitgetDepositAddress","decl":{"start":{"line":109,"column":22},"end":{"line":109,"column":45}},"loc":{"start":{"line":109,"column":72},"end":{"line":118,"column":1}}},"5":{"name":"getBitgetWithdrawHistory","decl":{"start":{"line":128,"column":22},"end":{"line":128,"column":46}},"loc":{"start":{"line":130,"column":20},"end":{"line":145,"column":1}}},"6":{"name":"getBitgetOpenOrders","decl":{"start":{"line":156,"column":22},"end":{"line":156,"column":41}},"loc":{"start":{"line":159,"column":18},"end":{"line":173,"column":1}}},"7":{"name":"getBitgetTradeHistory","decl":{"start":{"line":183,"column":22},"end":{"line":183,"column":43}},"loc":{"start":{"line":185,"column":20},"end":{"line":198,"column":1}}},"8":{"name":"getBitgetAccountBalance","decl":{"start":{"line":206,"column":22},"end":{"line":206,"column":45}},"loc":{"start":{"line":206,"column":45},"end":{"line":215,"column":1}}},"9":{"name":"createBitgetOrder","decl":{"start":{"line":229,"column":22},"end":{"line":229,"column":39}},"loc":{"start":{"line":235,"column":16},"end":{"line":252,"column":1}}},"10":{"name":"cancelBitgetOrder","decl":{"start":{"line":264,"column":22},"end":{"line":264,"column":39}},"loc":{"start":{"line":267,"column":18},"end":{"line":281,"column":1}}},"11":{"name":"getBitgetOrderStatus","decl":{"start":{"line":292,"column":22},"end":{"line":292,"column":42}},"loc":{"start":{"line":298,"column":1},"end":{"line":310,"column":1}}}},"branchMap":{"0":{"loc":{"start":{"line":32,"column":2},"end":{"line":34,"column":3}},"type":"if","locations":[{"start":{"line":32,"column":2},"end":{"line":34,"column":3}}]},"1":{"loc":{"start":{"line":32,"column":6},"end":{"line":32,"column":39}},"type":"binary-expr","locations":[{"start":{"line":32,"column":6},"end":{"line":32,"column":19}},{"start":{"line":32,"column":23},"end":{"line":32,"column":39}}]},"2":{"loc":{"start":{"line":70,"column":59},"end":{"line":70,"column":77}},"type":"default-arg","locations":[{"start":{"line":70,"column":75},"end":{"line":70,"column":77}}]},"3":{"loc":{"start":{"line":130,"column":2},"end":{"line":130,"column":20}},"type":"default-arg","locations":[{"start":{"line":130,"column":18},"end":{"line":130,"column":20}}]},"4":{"loc":{"start":{"line":158,"column":2},"end":{"line":158,"column":20}},"type":"default-arg","locations":[{"start":{"line":158,"column":18},"end":{"line":158,"column":20}}]},"5":{"loc":{"start":{"line":185,"column":2},"end":{"line":185,"column":20}},"type":"default-arg","locations":[{"start":{"line":185,"column":18},"end":{"line":185,"column":20}}]}},"s":{"0":1,"1":1,"2":1,"3":1,"4":1,"5":1,"6":1,"7":1,"8":1,"9":1,"10":1,"11":1,"12":1,"13":1,"14":1,"15":1,"16":1,"17":1,"18":1,"19":0,"20":1,"21":1,"22":1,"23":1,"24":1,"25":0,"26":0,"27":0,"28":0,"29":0,"30":0,"31":0,"32":0,"33":0,"34":0,"35":0,"36":0,"37":0,"38":0,"39":0,"40":0,"41":0,"42":0,"43":0,"44":0,"45":0,"46":0,"47":0,"48":0,"49":0,"50":0,"51":0,"52":0,"53":0,"54":0,"55":0,"56":0,"57":0,"58":0,"59":0,"60":0,"61":0,"62":0,"63":0,"64":0,"65":0,"66":0,"67":0,"68":0,"69":0,"70":0,"71":0,"72":0,"73":0,"74":0,"75":0,"76":0,"77":0,"78":0,"79":0,"80":0,"81":0,"82":0,"83":0,"84":0,"85":0,"86":0,"87":0},"f":{"0":1,"1":1,"2":0,"3":0,"4":0,"5":0,"6":0,"7":0,"8":0,"9":0,"10":0,"11":0},"b":{"0":[0],"1":[1,1],"2":[0],"3":[0],"4":[0],"5":[0]}}
,"C:\\Projects\\aex-sdk\\src\\server\\libraries\\bybit.ts": {"path":"C:\\Projects\\aex-sdk\\src\\server\\libraries\\bybit.ts","statementMap":{"0":{"start":{"line":28,"column":0},"end":{"line":28,"column":7}},"1":{"start":{"line":39,"column":0},"end":{"line":39,"column":7}},"2":{"start":{"line":54,"column":0},"end":{"line":54,"column":7}},"3":{"start":{"line":65,"column":0},"end":{"line":65,"column":7}},"4":{"start":{"line":76,"column":0},"end":{"line":76,"column":7}},"5":{"start":{"line":90,"column":0},"end":{"line":90,"column":7}},"6":{"start":{"line":111,"column":0},"end":{"line":111,"column":7}},"7":{"start":{"line":131,"column":0},"end":{"line":131,"column":7}},"8":{"start":{"line":145,"column":0},"end":{"line":145,"column":7}},"9":{"start":{"line":170,"column":0},"end":{"line":170,"column":7}},"10":{"start":{"line":189,"column":0},"end":{"line":189,"column":7}},"11":{"start":{"line":1,"column":0},"end":{"line":1,"column":28}},"12":{"start":{"line":2,"column":0},"end":{"line":2,"column":41}},"13":{"start":{"line":4,"column":0},"end":{"line":4,"column":16}},"14":{"start":{"line":7,"column":22},"end":{"line":9,"column":31}},"15":{"start":{"line":10,"column":25},"end":{"line":12,"column":34}},"16":{"start":{"line":14,"column":2},"end":{"line":14,"column":52}},"17":{"start":{"line":15,"column":2},"end":{"line":17,"column":3}},"18":{"start":{"line":16,"column":4},"end":{"line":16,"column":74}},"19":{"start":{"line":18,"column":17},"end":{"line":24,"column":4}},"20":{"start":{"line":25,"column":2},"end":{"line":25,"column":16}},"21":{"start":{"line":29,"column":2},"end":{"line":36,"column":3}},"22":{"start":{"line":30,"column":24},"end":{"line":30,"column":60}},"23":{"start":{"line":31,"column":19},"end":{"line":31,"column":77}},"24":{"start":{"line":32,"column":4},"end":{"line":32,"column":18}},"25":{"start":{"line":34,"column":4},"end":{"line":34,"column":57}},"26":{"start":{"line":35,"column":4},"end":{"line":35,"column":16}},"27":{"start":{"line":40,"column":2},"end":{"line":51,"column":3}},"28":{"start":{"line":41,"column":24},"end":{"line":41,"column":60}},"29":{"start":{"line":42,"column":19},"end":{"line":46,"column":6}},"30":{"start":{"line":47,"column":4},"end":{"line":47,"column":18}},"31":{"start":{"line":49,"column":4},"end":{"line":49,"column":63}},"32":{"start":{"line":50,"column":4},"end":{"line":50,"column":16}},"33":{"start":{"line":55,"column":2},"end":{"line":62,"column":3}},"34":{"start":{"line":56,"column":24},"end":{"line":56,"column":60}},"35":{"start":{"line":57,"column":19},"end":{"line":57,"column":53}},"36":{"start":{"line":58,"column":4},"end":{"line":58,"column":18}},"37":{"start":{"line":60,"column":4},"end":{"line":60,"column":58}},"38":{"start":{"line":61,"column":4},"end":{"line":61,"column":16}},"39":{"start":{"line":66,"column":2},"end":{"line":73,"column":3}},"40":{"start":{"line":67,"column":24},"end":{"line":67,"column":60}},"41":{"start":{"line":68,"column":19},"end":{"line":68,"column":66}},"42":{"start":{"line":69,"column":4},"end":{"line":69,"column":18}},"43":{"start":{"line":71,"column":4},"end":{"line":71,"column":66}},"44":{"start":{"line":72,"column":4},"end":{"line":72,"column":16}},"45":{"start":{"line":80,"column":2},"end":{"line":87,"column":3}},"46":{"start":{"line":81,"column":24},"end":{"line":81,"column":60}},"47":{"start":{"line":82,"column":19},"end":{"line":82,"column":74}},"48":{"start":{"line":83,"column":4},"end":{"line":83,"column":18}},"49":{"start":{"line":85,"column":4},"end":{"line":85,"column":67}},"50":{"start":{"line":86,"column":4},"end":{"line":86,"column":16}},"51":{"start":{"line":95,"column":2},"end":{"line":108,"column":3}},"52":{"start":{"line":96,"column":24},"end":{"line":96,"column":60}},"53":{"start":{"line":97,"column":19},"end":{"line":103,"column":6}},"54":{"start":{"line":104,"column":4},"end":{"line":104,"column":18}},"55":{"start":{"line":106,"column":4},"end":{"line":106,"column":62}},"56":{"start":{"line":107,"column":4},"end":{"line":107,"column":16}},"57":{"start":{"line":116,"column":2},"end":{"line":128,"column":3}},"58":{"start":{"line":117,"column":24},"end":{"line":117,"column":60}},"59":{"start":{"line":118,"column":19},"end":{"line":123,"column":6}},"60":{"start":{"line":124,"column":4},"end":{"line":124,"column":18}},"61":{"start":{"line":126,"column":4},"end":{"line":126,"column":64}},"62":{"start":{"line":127,"column":4},"end":{"line":127,"column":16}},"63":{"start":{"line":132,"column":2},"end":{"line":142,"column":3}},"64":{"start":{"line":133,"column":24},"end":{"line":133,"column":60}},"65":{"start":{"line":134,"column":19},"end":{"line":137,"column":6}},"66":{"start":{"line":138,"column":4},"end":{"line":138,"column":18}},"67":{"start":{"line":140,"column":4},"end":{"line":140,"column":59}},"68":{"start":{"line":141,"column":4},"end":{"line":141,"column":16}},"69":{"start":{"line":153,"column":2},"end":{"line":167,"column":3}},"70":{"start":{"line":154,"column":24},"end":{"line":154,"column":60}},"71":{"start":{"line":155,"column":19},"end":{"line":162,"column":6}},"72":{"start":{"line":163,"column":4},"end":{"line":163,"column":18}},"73":{"start":{"line":165,"column":4},"end":{"line":165,"column":56}},"74":{"start":{"line":166,"column":4},"end":{"line":166,"column":16}},"75":{"start":{"line":175,"column":2},"end":{"line":186,"column":3}},"76":{"start":{"line":176,"column":24},"end":{"line":176,"column":60}},"77":{"start":{"line":177,"column":19},"end":{"line":181,"column":6}},"78":{"start":{"line":182,"column":4},"end":{"line":182,"column":18}},"79":{"start":{"line":184,"column":4},"end":{"line":184,"column":58}},"80":{"start":{"line":185,"column":4},"end":{"line":185,"column":16}},"81":{"start":{"line":198,"column":2},"end":{"line":210,"column":3}},"82":{"start":{"line":199,"column":24},"end":{"line":199,"column":60}},"83":{"start":{"line":200,"column":19},"end":{"line":205,"column":6}},"84":{"start":{"line":206,"column":4},"end":{"line":206,"column":18}},"85":{"start":{"line":208,"column":4},"end":{"line":208,"column":64}},"86":{"start":{"line":209,"column":4},"end":{"line":209,"column":16}}},"fnMap":{"0":{"name":"fetchClient","decl":{"start":{"line":6,"column":15},"end":{"line":6,"column":26}},"loc":{"start":{"line":6,"column":69},"end":{"line":26,"column":1}}},"1":{"name":"getBybitTicker","decl":{"start":{"line":28,"column":22},"end":{"line":28,"column":36}},"loc":{"start":{"line":28,"column":51},"end":{"line":37,"column":1}}},"2":{"name":"getBybitMarketDepth","decl":{"start":{"line":39,"column":22},"end":{"line":39,"column":41}},"loc":{"start":{"line":39,"column":76},"end":{"line":52,"column":1}}},"3":{"name":"getBybitAccount","decl":{"start":{"line":54,"column":22},"end":{"line":54,"column":37}},"loc":{"start":{"line":54,"column":37},"end":{"line":63,"column":1}}},"4":{"name":"getBybitDepositAddress","decl":{"start":{"line":65,"column":22},"end":{"line":65,"column":44}},"loc":{"start":{"line":65,"column":71},"end":{"line":74,"column":1}}},"5":{"name":"getBybitWithdrawHistory","decl":{"start":{"line":76,"column":22},"end":{"line":76,"column":45}},"loc":{"start":{"line":78,"column":20},"end":{"line":88,"column":1}}},"6":{"name":"getBybitOpenOrders","decl":{"start":{"line":90,"column":22},"end":{"line":90,"column":40}},"loc":{"start":{"line":93,"column":20},"end":{"line":109,"column":1}}},"7":{"name":"getBybitTradeHistory","decl":{"start":{"line":111,"column":22},"end":{"line":111,"column":42}},"loc":{"start":{"line":114,"column":20},"end":{"line":129,"column":1}}},"8":{"name":"getBybitAccountBalance","decl":{"start":{"line":131,"column":22},"end":{"line":131,"column":44}},"loc":{"start":{"line":131,"column":58},"end":{"line":143,"column":1}}},"9":{"name":"createBybitOrder","decl":{"start":{"line":145,"column":22},"end":{"line":145,"column":38}},"loc":{"start":{"line":151,"column":16},"end":{"line":168,"column":1}}},"10":{"name":"cancelBybitOrder","decl":{"start":{"line":170,"column":22},"end":{"line":170,"column":38}},"loc":{"start":{"line":173,"column":18},"end":{"line":187,"column":1}}},"11":{"name":"getBybitOrderStatus","decl":{"start":{"line":189,"column":22},"end":{"line":189,"column":41}},"loc":{"start":{"line":197,"column":1},"end":{"line":211,"column":1}}}},"branchMap":{"0":{"loc":{"start":{"line":6,"column":29},"end":{"line":6,"column":44}},"type":"default-arg","locations":[{"start":{"line":6,"column":39},"end":{"line":6,"column":44}}]},"1":{"loc":{"start":{"line":7,"column":22},"end":{"line":9,"column":31}},"type":"cond-expr","locations":[{"start":{"line":8,"column":6},"end":{"line":8,"column":39}},{"start":{"line":9,"column":6},"end":{"line":9,"column":31}}]},"2":{"loc":{"start":{"line":10,"column":25},"end":{"line":12,"column":34}},"type":"cond-expr","locations":[{"start":{"line":11,"column":6},"end":{"line":11,"column":42}},{"start":{"line":12,"column":6},"end":{"line":12,"column":34}}]},"3":{"loc":{"start":{"line":15,"column":2},"end":{"line":17,"column":3}},"type":"if","locations":[{"start":{"line":15,"column":2},"end":{"line":17,"column":3}}]},"4":{"loc":{"start":{"line":15,"column":6},"end":{"line":15,"column":37}},"type":"binary-expr","locations":[{"start":{"line":15,"column":6},"end":{"line":15,"column":18}},{"start":{"line":15,"column":22},"end":{"line":15,"column":37}}]},"5":{"loc":{"start":{"line":23,"column":13},"end":{"line":23,"column":66}},"type":"cond-expr","locations":[{"start":{"line":23,"column":23},"end":{"line":23,"column":54}},{"start":{"line":23,"column":57},"end":{"line":23,"column":66}}]},"6":{"loc":{"start":{"line":39,"column":58},"end":{"line":39,"column":76}},"type":"default-arg","locations":[{"start":{"line":39,"column":74},"end":{"line":39,"column":76}}]},"7":{"loc":{"start":{"line":78,"column":2},"end":{"line":78,"column":20}},"type":"default-arg","locations":[{"start":{"line":78,"column":18},"end":{"line":78,"column":20}}]},"8":{"loc":{"start":{"line":93,"column":2},"end":{"line":93,"column":20}},"type":"default-arg","locations":[{"start":{"line":93,"column":18},"end":{"line":93,"column":20}}]},"9":{"loc":{"start":{"line":114,"column":2},"end":{"line":114,"column":20}},"type":"default-arg","locations":[{"start":{"line":114,"column":18},"end":{"line":114,"column":20}}]}},"s":{"0":1,"1":1,"2":1,"3":1,"4":1,"5":1,"6":1,"7":1,"8":1,"9":1,"10":1,"11":1,"12":1,"13":1,"14":1,"15":1,"16":1,"17":1,"18":0,"19":1,"20":1,"21":1,"22":1,"23":1,"24":0,"25":0,"26":0,"27":0,"28":0,"29":0,"30":0,"31":0,"32":0,"33":0,"34":0,"35":0,"36":0,"37":0,"38":0,"39":0,"40":0,"41":0,"42":0,"43":0,"44":0,"45":0,"46":0,"47":0,"48":0,"49":0,"50":0,"51":0,"52":0,"53":0,"54":0,"55":0,"56":0,"57":0,"58":0,"59":0,"60":0,"61":0,"62":0,"63":0,"64":0,"65":0,"66":0,"67":0,"68":0,"69":0,"70":0,"71":0,"72":0,"73":0,"74":0,"75":0,"76":0,"77":0,"78":0,"79":0,"80":0,"81":0,"82":0,"83":0,"84":0,"85":0,"86":0},"f":{"0":1,"1":1,"2":0,"3":0,"4":0,"5":0,"6":0,"7":0,"8":0,"9":0,"10":0,"11":0},"b":{"0":[0],"1":[1,0],"2":[1,0],"3":[0],"4":[1,1],"5":[1,0],"6":[0],"7":[0],"8":[0],"9":[0]}}
}
