TN:
SF:src\client\fetch.ts
FN:1,(anonymous_0)
FNF:1
FNH:1
FNDA:2,(anonymous_0)
DA:1,1
DA:2,2
DA:3,2
DA:4,1
DA:6,1
LF:5
LH:5
BRDA:3,0,0,1
BRF:1
BRH:1
end_of_record
TN:
SF:src\server\libraries\binance.ts
FN:31,fetchClient
FN:59,getSymbolList
FN:77,getBinanceTicker
FN:97,getBinanceTradingDayTicker
FN:119,getBinanceMarketDepth
FN:142,getBinanceAccount
FN:160,getBinanceDepositAddress
FN:179,getBinanceWithdrawHistory
FN:200,getBinanceOpenOrders
FN:219,getBinanceTradeHistory
FN:245,createBinanceOrder
FN:287,createBinanceAmendOrder
FN:329,createBinanceCancelOrder
FN:361,getBinanceOrderStatus
FNF:14
FNH:10
FNDA:9,fetchClient
FNDA:1,getSymbolList
FNDA:1,getBinanceTicker
FNDA:1,getBinanceTradingDayTicker
FNDA:1,getBinanceMarketDepth
FNDA:1,getBinanceAccount
FNDA:1,getBinanceDepositAddress
FNDA:1,getBinanceWithdrawHistory
FNDA:1,getBinanceOpenOrders
FNDA:0,getBinanceTradeHistory
FNDA:1,createBinanceOrder
FNDA:0,createBinanceAmendOrder
FNDA:0,createBinanceCancelOrder
FNDA:0,getBinanceOrderStatus
DA:1,1
DA:2,1
DA:21,1
DA:32,9
DA:35,9
DA:39,9
DA:40,9
DA:41,0
DA:43,9
DA:50,9
DA:59,1
DA:60,1
DA:61,1
DA:62,1
DA:63,1
DA:65,0
DA:66,0
DA:77,1
DA:78,1
DA:79,1
DA:80,1
DA:81,1
DA:83,0
DA:84,0
DA:97,1
DA:101,1
DA:102,1
DA:103,1
DA:104,1
DA:106,0
DA:107,0
DA:119,1
DA:123,1
DA:124,1
DA:125,1
DA:129,1
DA:131,0
DA:132,0
DA:142,1
DA:143,1
DA:144,1
DA:145,1
DA:146,0
DA:148,1
DA:149,1
DA:160,1
DA:161,1
DA:162,1
DA:163,1
DA:164,0
DA:166,1
DA:167,1
DA:179,1
DA:183,1
DA:184,1
DA:185,1
DA:186,0
DA:188,1
DA:189,1
DA:200,1
DA:201,1
DA:202,1
DA:203,1
DA:204,0
DA:206,1
DA:207,1
DA:219,1
DA:223,0
DA:224,0
DA:225,0
DA:226,0
DA:228,0
DA:229,0
DA:245,1
DA:258,1
DA:259,1
DA:260,1
DA:267,0
DA:269,1
DA:270,1
DA:287,1
DA:302,0
DA:303,0
DA:304,0
DA:312,0
DA:314,0
DA:315,0
DA:329,1
DA:338,0
DA:339,0
DA:340,0
DA:345,0
DA:347,0
DA:348,0
DA:361,1
DA:368,0
DA:369,0
DA:370,0
DA:374,0
DA:376,0
DA:377,0
LF:101
LH:63
BRDA:31,0,0,0
BRDA:32,1,0,9
BRDA:32,1,1,0
BRDA:35,2,0,9
BRDA:35,2,1,0
BRDA:40,3,0,0
BRDA:40,4,0,9
BRDA:40,4,1,9
BRDA:47,5,0,9
BRDA:47,5,1,0
BRDA:121,6,0,0
BRDA:181,7,0,0
BRDA:221,8,0,0
BRF:13
BRH:5
end_of_record
TN:
SF:src\server\libraries\bitget.ts
FN:26,fetchClient
FN:51,getBitgetTicker
FN:70,getBitgetMarketDepth
FN:90,getBitgetAccount
FN:109,getBitgetDepositAddress
FN:128,getBitgetWithdrawHistory
FN:156,getBitgetOpenOrders
FN:183,getBitgetTradeHistory
FN:206,getBitgetAccountBalance
FN:229,createBitgetOrder
FN:264,cancelBitgetOrder
FN:292,getBitgetOrderStatus
FNF:12
FNH:2
FNDA:1,fetchClient
FNDA:1,getBitgetTicker
FNDA:0,getBitgetMarketDepth
FNDA:0,getBitgetAccount
FNDA:0,getBitgetDepositAddress
FNDA:0,getBitgetWithdrawHistory
FNDA:0,getBitgetOpenOrders
FNDA:0,getBitgetTradeHistory
FNDA:0,getBitgetAccountBalance
FNDA:0,createBitgetOrder
FNDA:0,cancelBitgetOrder
FNDA:0,getBitgetOrderStatus
DA:1,1
DA:2,1
DA:18,1
DA:27,1
DA:28,1
DA:29,1
DA:31,1
DA:32,1
DA:33,0
DA:35,1
DA:41,1
DA:51,1
DA:52,1
DA:53,1
DA:54,1
DA:55,0
DA:57,0
DA:58,0
DA:70,1
DA:71,0
DA:72,0
DA:73,0
DA:77,0
DA:79,0
DA:80,0
DA:90,1
DA:91,0
DA:92,0
DA:93,0
DA:94,0
DA:96,0
DA:97,0
DA:109,1
DA:110,0
DA:111,0
DA:112,0
DA:113,0
DA:115,0
DA:116,0
DA:128,1
DA:132,0
DA:133,0
DA:134,0
DA:140,0
DA:142,0
DA:143,0
DA:156,1
DA:161,0
DA:162,0
DA:163,0
DA:168,0
DA:170,0
DA:171,0
DA:183,1
DA:187,0
DA:188,0
DA:189,0
DA:193,0
DA:195,0
DA:196,0
DA:206,1
DA:207,0
DA:208,0
DA:209,0
DA:210,0
DA:212,0
DA:213,0
DA:229,1
DA:237,0
DA:238,0
DA:239,0
DA:247,0
DA:249,0
DA:250,0
DA:264,1
DA:269,0
DA:270,0
DA:271,0
DA:276,0
DA:278,0
DA:279,0
DA:292,1
DA:299,0
DA:300,0
DA:301,0
DA:305,0
DA:307,0
DA:308,0
LF:88
LH:24
BRDA:32,0,0,0
BRDA:32,1,0,1
BRDA:32,1,1,1
BRDA:70,2,0,0
BRDA:130,3,0,0
BRDA:158,4,0,0
BRDA:185,5,0,0
BRF:7
BRH:2
end_of_record
TN:
SF:src\server\libraries\bybit.ts
FN:6,fetchClient
FN:28,getBybitTicker
FN:39,getBybitMarketDepth
FN:54,getBybitAccount
FN:65,getBybitDepositAddress
FN:76,getBybitWithdrawHistory
FN:90,getBybitOpenOrders
FN:111,getBybitTradeHistory
FN:131,getBybitAccountBalance
FN:145,createBybitOrder
FN:170,cancelBybitOrder
FN:189,getBybitOrderStatus
FNF:12
FNH:2
FNDA:1,fetchClient
FNDA:1,getBybitTicker
FNDA:0,getBybitMarketDepth
FNDA:0,getBybitAccount
FNDA:0,getBybitDepositAddress
FNDA:0,getBybitWithdrawHistory
FNDA:0,getBybitOpenOrders
FNDA:0,getBybitTradeHistory
FNDA:0,getBybitAccountBalance
FNDA:0,createBybitOrder
FNDA:0,cancelBybitOrder
FNDA:0,getBybitOrderStatus
DA:1,1
DA:2,1
DA:4,1
DA:7,1
DA:10,1
DA:14,1
DA:15,1
DA:16,0
DA:18,1
DA:25,1
DA:28,1
DA:29,1
DA:30,1
DA:31,1
DA:32,0
DA:34,0
DA:35,0
DA:39,1
DA:40,0
DA:41,0
DA:42,0
DA:47,0
DA:49,0
DA:50,0
DA:54,1
DA:55,0
DA:56,0
DA:57,0
DA:58,0
DA:60,0
DA:61,0
DA:65,1
DA:66,0
DA:67,0
DA:68,0
DA:69,0
DA:71,0
DA:72,0
DA:76,1
DA:80,0
DA:81,0
DA:82,0
DA:83,0
DA:85,0
DA:86,0
DA:90,1
DA:95,0
DA:96,0
DA:97,0
DA:104,0
DA:106,0
DA:107,0
DA:111,1
DA:116,0
DA:117,0
DA:118,0
DA:124,0
DA:126,0
DA:127,0
DA:131,1
DA:132,0
DA:133,0
DA:134,0
DA:138,0
DA:140,0
DA:141,0
DA:145,1
DA:153,0
DA:154,0
DA:155,0
DA:163,0
DA:165,0
DA:166,0
DA:170,1
DA:175,0
DA:176,0
DA:177,0
DA:182,0
DA:184,0
DA:185,0
DA:189,1
DA:198,0
DA:199,0
DA:200,0
DA:206,0
DA:208,0
DA:209,0
LF:87
LH:23
BRDA:6,0,0,0
BRDA:7,1,0,1
BRDA:7,1,1,0
BRDA:10,2,0,1
BRDA:10,2,1,0
BRDA:15,3,0,0
BRDA:15,4,0,1
BRDA:15,4,1,1
BRDA:23,5,0,1
BRDA:23,5,1,0
BRDA:39,6,0,0
BRDA:78,7,0,0
BRDA:93,8,0,0
BRDA:114,9,0,0
BRF:14
BRH:5
end_of_record
